Diagnose log at 2026-06-12T20:21:52Z

AppPath: C:\Program Files\Git\mingw64\bin\git-credential-manager.exe
InstallDir: C:\Program Files\Git\mingw64\bin\
Version: 2.7.3+5fa7116896c82164996a609accd1c5ad90fe730a

------------
Diagnostic: Environment
Skipped: False
Success: True
Exception: None
Log:
OSType: Windows
OSVersion: 10.0 (build 26200)
Reading environment variables... OK
 Variables:
SystemDrive=C:
ProgramFiles(x86)=C:\Program Files (x86)
MSYSTEM=MINGW64
ProgramW6432=C:\Program Files
PROCESSOR_IDENTIFIER=Intel64 Family 6 Model 186 Stepping 2, GenuineIntel
TMP=C:\Users\Temk\AppData\Local\Temp
PROCESSOR_ARCHITECTURE=AMD64
Path=C:/Program Files/Git/mingw64/libexec/git-core;C:\Program Files\Git\mingw64\bin;C:\Program Files\Git\usr\bin;C:\Users\Temk\bin;C:\Program Files (x86)\VMware\VMware Player\bin\;C:\Program Files\Eclipse Foundation\jdk-8.0.302.8-hotspot\bin;C:\Windows\System32\HWAudioDriver;C:\WINDOWS\system32;C:\WINDOWS;C:\WINDOWS\System32\Wbem;C:\WINDOWS\System32\WindowsPowerShell\v1.0\;C:\WINDOWS\System32\OpenSSH\;C:\WINDOWS\system32\config\systemprofile\AppData\Local\Microsoft\WindowsApps;C:\Program Files\nodejs\;C:\Program Files\Cloudflare\Cloudflare WARP\;C:\Program Files\Git\cmd;C:\Users\Temk\AppData\Local\Microsoft\WindowsApps;C:\Users\Temk\AppData\Local\Programs\Microsoft VS Code\bin;C:\Users\Temk\AppData\Roaming\npm;C:\Users\Temk\AppData\Local\Programs\cursor\resources\app\bin
FARLANG=English
FARPROFILE=C:\Users\Temk\AppData\Roaming\Far Manager\Profile
FARHOME=C:\Program Files (x86)\Far Manager
PROCESSOR_REVISION=ba02
EFC_9240_1592913036=1
TEMP=C:\Users\Temk\AppData\Local\Temp
USERPROFILE=C:\Users\Temk
LOGONSERVER=\\DESKTOP-40NSUPN
TERM=xterm-256color
USERNAME=Temk
SystemRoot=C:\WINDOWS
GIT_EXEC_PATH=C:/Program Files/Git/mingw64/libexec/git-core
PLINK_PROTOCOL=ssh
OneDrive=C:\Users\Temk\OneDrive
USERDOMAIN_ROAMINGPROFILE=DESKTOP-40NSUPN
CommonProgramFiles=C:\Program Files\Common Files
ZES_ENABLE_SYSMAN=1
ProgramData=C:\ProgramData
LC_CTYPE=C.UTF-8
HOMEPATH=\Users\Temk
IGCCSVC_DB=AQAAANCMnd8BFdERjHoAwE/Cl+sBAAAAHx9XTJYXcUKaoIdpkT23wQQAAAACAAAAAAAQZgAAAAEAACAAAAAv8uaRn1/S5FhBkGFPhbcUqSnzlUmntWLsMhj+YlE0XwAAAAAOgAAAAAIAACAAAAB8SxtOaDaIJQNnt5OaaKPNZjFyQtf5UB8S0GHk4O94p2AAAACO/n4y/nRfBLyC+H0ymsnA7TNHd2dYiMkWBiJoVyPHg/GUim4eCcdOWuktAEKPKeadJYrLtik8SUMXFYWmsUsEZNKydaBv1TTLTui5VX2jPzZYaK1t+GVnefPhtl91yEdAAAAA0XVegoKT5glmi0KN1L/jwuqLvBzimfGZI9ZvSWOg4HfxOCVsVFgzgc/HgNshorzt4MjQuZ2ipuxXsDO9l4qLNw==
COMPUTERNAME=DESKTOP-40NSUPN
FARLOCALPROFILE=C:\Users\Temk\AppData\Local\Far Manager\Profile
ALLUSERSPROFILE=C:\ProgramData
CommonProgramW6432=C:\Program Files\Common Files
SESSIONNAME=Console
DriverData=C:\Windows\System32\Drivers\DriverData
HOMEDRIVE=C:
windir=C:\WINDOWS
GIT_TRACE2_PARENT_SID=724b178b-0641-4364-9edc-d3f31697709b
NUMBER_OF_PROCESSORS=20
OS=Windows_NT
ProgramFiles=C:\Program Files
ComSpec=C:\WINDOWS\system32\cmd.exe
PATHEXT=.COM;.EXE;.BAT;.CMD;.VBS;.VBE;.JS;.JSE;.WSF;.WSH;.MSC
HOME=C:\Users\Temk
PSModulePath=C:\Program Files\WindowsPowerShell\Modules;C:\WINDOWS\system32\WindowsPowerShell\v1.0\Modules
TMPDIR=C:\Users\Temk\AppData\Local\Temp
APPDATA=C:\Users\Temk\AppData\Roaming
USERDOMAIN=DESKTOP-40NSUPN
PROCESSOR_LEVEL=6
LOCALAPPDATA=C:\Users\Temk\AppData\Local
CommonProgramFiles(x86)=C:\Program Files (x86)\Common Files
COLORTERM=truecolor
PUBLIC=C:\Users\Public


------------
Diagnostic: File system
Skipped: False
Success: True
Exception: None
Log:
Temporary directory is 'C:\Users\Temk\AppData\Local\Temp\'...
Checking basic file I/O...
Writing to temporary file 'C:\Users\Temk\AppData\Local\Temp\06534302996f3c1527ec10da'... OK
Reading from temporary file 'C:\Users\Temk\AppData\Local\Temp\06534302996f3c1527ec10da'... OK
Deleting temporary file 'C:\Users\Temk\AppData\Local\Temp\06534302996f3c1527ec10da'... OK
Testing IFileSystem instance...
UserHomePath: C:\Users\Temk
UserDataDirectoryPath: C:\Users\Temk\.gcm
GetCurrentDirectory(): C:\Users\Temk\Desktop\proga\acmp\acmp-answers

------------
Diagnostic: Networking
Skipped: False
Success: True
Exception: None
Log:
Checking networking and HTTP stack...
Creating HTTP client... OK
IsNetworkAvailable: True
Sending HEAD request to http://example.com...Sending HEAD request to https://example.com... OK
 OK
Acquiring free TCP port... OK
Testing local HTTP loopback connections...
Creating new HTTP listener for http://localhost:54253/... OK
Waiting for loopback connection... OK
Writing response... OK
Waiting for response data... OK
Loopback connection data OK

------------
Diagnostic: Git
Skipped: False
Success: True
Exception: None
Log:
Getting Git version... OK
Git version is '2.54.0.windows.1'
Locating current repository...Git repository at 'C:/Users/Temk/Desktop/proga/acmp/acmp-answers/.git'
 OK
Listing all Git configuration... OK
Git configuration:
file:C:/Program Files/Git/etc/gitconfig	diff.astextplain.textconv=astextplain
file:C:/Program Files/Git/etc/gitconfig	filter.lfs.clean=git-lfs clean -- %f
file:C:/Program Files/Git/etc/gitconfig	filter.lfs.smudge=git-lfs smudge -- %f
file:C:/Program Files/Git/etc/gitconfig	filter.lfs.process=git-lfs filter-process
file:C:/Program Files/Git/etc/gitconfig	filter.lfs.required=true
file:C:/Program Files/Git/etc/gitconfig	http.sslbackend=schannel
file:C:/Program Files/Git/etc/gitconfig	core.autocrlf=true
file:C:/Program Files/Git/etc/gitconfig	core.fscache=true
file:C:/Program Files/Git/etc/gitconfig	core.symlinks=false
file:C:/Program Files/Git/etc/gitconfig	pull.rebase=false
file:C:/Program Files/Git/etc/gitconfig	credential.helper=manager
file:C:/Program Files/Git/etc/gitconfig	credential.https://dev.azure.com.usehttppath=true
file:C:/Program Files/Git/etc/gitconfig	init.defaultbranch=master
file:C:/Users/Temk/.gitconfig	core.editor="C:\Users\Temk\AppData\Local\Programs\Microsoft VS Code\bin\code" --wait
file:C:/Users/Temk/.gitconfig	credential.helper=
file:C:/Users/Temk/.gitconfig	credential.helper=C:/Program\ Files/Git/mingw64/bin/git-credential-manager.exe
file:.git/config	core.repositoryformatversion=0
file:.git/config	core.filemode=false
file:.git/config	core.bare=false
file:.git/config	core.logallrefupdates=true
file:.git/config	core.symlinks=false
file:.git/config	core.ignorecase=true
file:.git/config	remote.origin.url=https://github.com/ARTOM4IK/acmp-answers.git
file:.git/config	remote.origin.fetch=+refs/heads/*:refs/remotes/origin/*
file:.git/config	branch.main.remote=origin
file:.git/config	branch.main.merge=refs/heads/main


------------
Diagnostic: Credential storage
Skipped: False
Success: True
Exception: None
Log:
ICredentialStore instance is of type: CredentialStore
Writing test credential... OK
Reading test credential... OK
Deleting test credential... OK

------------
Diagnostic: Microsoft authentication (AAD/MSA)
Skipped: False
Success: True
Exception: None
Log:
Broker is not enabled.
Flow type is: Auto
Gathering MSAL token cache data... OK
CacheDirectory: C:\Users\Temk\AppData\Local\.IdentityService
CacheFileName: msal.cache
CacheFilePath: C:\Users\Temk\AppData\Local\.IdentityService\msal.cache
Creating cache helper... OK
Verifying MSAL token cache persistence... OK

------------
Diagnostic: GitHub API
Skipped: False
Success: False
Exception:
System.Threading.Tasks.TaskCanceledException: Отменена задача.
   в System.Runtime.CompilerServices.TaskAwaiter.ThrowForNonSuccess(Task task)
   в System.Runtime.CompilerServices.TaskAwaiter.HandleNonSuccessAndDebuggerNotification(Task task)
   в GitHub.GitHubRestApi.<GetMetaInfoAsync>d__5.MoveNext()
--- Конец трассировка стека из предыдущего расположения, где возникло исключение ---
   в System.Runtime.ExceptionServices.ExceptionDispatchInfo.Throw()
   в System.Runtime.CompilerServices.TaskAwaiter.ThrowForNonSuccess(Task task)
   в System.Runtime.CompilerServices.TaskAwaiter.HandleNonSuccessAndDebuggerNotification(Task task)
   в GitHub.Diagnostics.GitHubApiDiagnostic.<RunInternalAsync>d__2.MoveNext()
--- Конец трассировка стека из предыдущего расположения, где возникло исключение ---
   в System.Runtime.ExceptionServices.ExceptionDispatchInfo.Throw()
   в System.Runtime.CompilerServices.TaskAwaiter.ThrowForNonSuccess(Task task)
   в System.Runtime.CompilerServices.TaskAwaiter.HandleNonSuccessAndDebuggerNotification(Task task)
   в GitCredentialManager.Diagnostics.Diagnostic.<RunAsync>d__6.MoveNext()
Log:
Using 'https://github.com/' as API target.
Querying '/meta' endpoint...
